<?xml version="1.0" encoding="UTF-8"?>
<!-- Generated by org.testng.reporters.JUnitReportReporter -->
<testsuite skipped="1" hostname="del1-lhp-N61396" name="com.automate.JavaStreams" tests="2" failures="0" timestamp="10 Jan 2021 20:46:09 GMT" time="0.100" errors="0">
  <testcase name="streamCollect" time="0.100" classname="com.automate.JavaStreams"/>
  <testcase name="streamMap" classname="com.automate.JavaStreams">
    <skipped/>
  </testcase> <!-- streamMap -->
</testsuite> <!-- com.automate.JavaStreams -->
