<?xml version="1.0" encoding="UTF-8"?>
<!-- Generated by org.testng.reporters.JUnitReportReporter -->
<testsuite skipped="0" hostname="del1-lhp-N61396" name="com.automate.OnlineShopAutomation" tests="1" failures="0" timestamp="27 Aug 2020 08:21:23 GMT" time="109.625" errors="0">
  <testcase name="run" time="109.625" classname="com.automate.OnlineShopAutomation"/>
</testsuite> <!-- com.automate.OnlineShopAutomation -->
